[0208/185115.518:ERROR:process_reader_win.cc(123)] NtOpenThread: {Access Denied} A process has requested access to an object, but has not been granted those access rights. (0xc0000022)
[0208/185115.520:ERROR:exception_snapshot_win.cc(98)] thread ID 18576 not found in process
[0208/185203.171:ERROR:process_info.cc(329)] VirtualQueryEx: Access is denied. (0x5)
[0208/185203.172:ERROR:process_info.cc(556)] ReadMemoryInfo failed
[0208/185203.172:ERROR:process_memory_win.cc(39)] Failed to initialize ProcessInfo.
[0208/185203.172:ERROR:scoped_process_suspend.cc(40)] NtResumeProcess: An attempt was made to access an exiting process. (0xc000010a)
[0312/164901.880:ERROR:process_reader_win.cc(151)] SuspendThread: Access is denied. (0x5)
[0312/164901.887:ERROR:process_reader_win.cc(123)] NtOpenThread: {Access Denied} A process has requested access to an object, but has not been granted those access rights. (0xc0000022)
[0312/164901.892:ERROR:exception_snapshot_win.cc(98)] thread ID 17248 not found in process
[0312/164902.033:ERROR:process_reader_win.cc(123)] NtOpenThread: {Access Denied} A process has requested access to an object, but has not been granted those access rights. (0xc0000022)
[0312/164902.033:ERROR:exception_snapshot_win.cc(98)] thread ID 15576 not found in process
[0312/165208.696:ERROR:process_reader_win.cc(123)] NtOpenThread: {Access Denied} A process has requested access to an object, but has not been granted those access rights. (0xc0000022)
[0312/165208.697:ERROR:exception_snapshot_win.cc(98)] thread ID 9112 not found in process
[0312/165208.838:ERROR:process_reader_win.cc(123)] NtOpenThread: {Access Denied} A process has requested access to an object, but has not been granted those access rights. (0xc0000022)
[0312/165208.838:ERROR:exception_snapshot_win.cc(98)] thread ID 21216 not found in process
[0312/165235.359:ERROR:process_reader_win.cc(123)] NtOpenThread: {Access Denied} A process has requested access to an object, but has not been granted those access rights. (0xc0000022)
[0312/165235.360:ERROR:exception_snapshot_win.cc(98)] thread ID 9428 not found in process
[0312/165235.376:ERROR:process_reader_win.cc(123)] NtOpenThread: {Access Denied} A process has requested access to an object, but has not been granted those access rights. (0xc0000022)
[0312/165235.376:ERROR:exception_snapshot_win.cc(98)] thread ID 21380 not found in process
[0312/165235.757:ERROR:process_reader_win.cc(123)] NtOpenThread: {Access Denied} A process has requested access to an object, but has not been granted those access rights. (0xc0000022)
[0312/165235.757:ERROR:exception_snapshot_win.cc(98)] thread ID 20392 not found in process
[0312/165236.422:ERROR:process_reader_win.cc(123)] NtOpenThread: {Access Denied} A process has requested access to an object, but has not been granted those access rights. (0xc0000022)
[0312/165236.422:ERROR:exception_snapshot_win.cc(98)] thread ID 20812 not found in process
[0312/165615.995:ERROR:process_reader_win.cc(151)] SuspendThread: Access is denied. (0x5)
[0312/165615.996:ERROR:exception_snapshot_win.cc(98)] thread ID 16956 not found in process
[0312/172131.759:ERROR:process_reader_win.cc(123)] NtOpenThread: {Access Denied} A process has requested access to an object, but has not been granted those access rights. (0xc0000022)
[0312/172131.760:ERROR:exception_snapshot_win.cc(98)] thread ID 14540 not found in process
[0312/172131.902:ERROR:process_reader_win.cc(123)] NtOpenThread: {Access Denied} A process has requested access to an object, but has not been granted those access rights. (0xc0000022)
[0312/172131.902:ERROR:exception_snapshot_win.cc(98)] thread ID 3092 not found in process
[0312/175831.495:ERROR:process_reader_win.cc(123)] NtOpenThread: {Access Denied} A process has requested access to an object, but has not been granted those access rights. (0xc0000022)
[0312/175831.495:ERROR:exception_snapshot_win.cc(98)] thread ID 22380 not found in process
[0312/175831.636:ERROR:process_reader_win.cc(123)] NtOpenThread: {Access Denied} A process has requested access to an object, but has not been granted those access rights. (0xc0000022)
[0312/175831.636:ERROR:exception_snapshot_win.cc(98)] thread ID 5180 not found in process
[0312/180706.822:ERROR:process_reader_win.cc(123)] NtOpenThread: {Access Denied} A process has requested access to an object, but has not been granted those access rights. (0xc0000022)
[0312/180706.822:ERROR:exception_snapshot_win.cc(98)] thread ID 22888 not found in process
[0312/180706.967:ERROR:process_reader_win.cc(123)] NtOpenThread: {Access Denied} A process has requested access to an object, but has not been granted those access rights. (0xc0000022)
[0312/180706.967:ERROR:exception_snapshot_win.cc(98)] thread ID 19708 not found in process
