[0316/195205.465:ERROR:process_reader_win.cc(123)] NtOpenThread: {Access Denied} A process has requested access to an object, but has not been granted those access rights. (0xc0000022)
[0316/195205.476:ERROR:exception_snapshot_win.cc(98)] thread ID 57432 not found in process
[0316/195205.529:ERROR:process_reader_win.cc(123)] NtOpenThread: {Access Denied} A process has requested access to an object, but has not been granted those access rights. (0xc0000022)
[0316/195205.529:ERROR:exception_snapshot_win.cc(98)] thread ID 57156 not found in process
[0316/221455.457:ERROR:process_reader_win.cc(123)] NtOpenThread: {Access Denied} A process has requested access to an object, but has not been granted those access rights. (0xc0000022)
[0316/221455.459:ERROR:exception_snapshot_win.cc(98)] thread ID 5216 not found in process
[0316/221455.502:ERROR:process_reader_win.cc(123)] NtOpenThread: {Access Denied} A process has requested access to an object, but has not been granted those access rights. (0xc0000022)
[0316/221455.502:ERROR:exception_snapshot_win.cc(98)] thread ID 9936 not found in process
[0317/050813.147:ERROR:process_reader_win.cc(123)] NtOpenThread: {Access Denied} A process has requested access to an object, but has not been granted those access rights. (0xc0000022)
[0317/050813.151:ERROR:exception_snapshot_win.cc(98)] thread ID 15596 not found in process
[0317/050813.216:ERROR:process_reader_win.cc(123)] NtOpenThread: {Access Denied} A process has requested access to an object, but has not been granted those access rights. (0xc0000022)
[0317/050813.216:ERROR:exception_snapshot_win.cc(98)] thread ID 17368 not found in process
[0317/061254.386:ERROR:process_reader_win.cc(151)] SuspendThread: Access is denied. (0x5)
[0317/061254.387:ERROR:process_reader_win.cc(151)] SuspendThread: Access is denied. (0x5)
[0317/061254.387:ERROR:process_reader_win.cc(151)] SuspendThread: Access is denied. (0x5)
[0317/061254.492:ERROR:file_io_win.cc(161)] CreateFile C:\Users\William\AppData\Local\Temp\scoped_dir21164_960516032\Crashpad\settings.dat: The system cannot find the file specified. (0x2)
[0317/061254.492:ERROR:scoped_process_suspend.cc(40)] NtResumeProcess: An attempt was made to access an exiting process. (0xc000010a)
[0317/062751.391:ERROR:process_reader_win.cc(123)] NtOpenThread: {Access Denied} A process has requested access to an object, but has not been granted those access rights. (0xc0000022)
[0317/062751.392:ERROR:exception_snapshot_win.cc(98)] thread ID 22688 not found in process
[0317/062751.441:ERROR:process_reader_win.cc(123)] NtOpenThread: {Access Denied} A process has requested access to an object, but has not been granted those access rights. (0xc0000022)
[0317/062751.441:ERROR:exception_snapshot_win.cc(98)] thread ID 25332 not found in process
[0317/134440.168:ERROR:process_reader_win.cc(151)] SuspendThread: Access is denied. (0x5)
[0317/134440.170:ERROR:process_reader_win.cc(123)] NtOpenThread: {Access Denied} A process has requested access to an object, but has not been granted those access rights. (0xc0000022)
[0317/134440.172:ERROR:exception_snapshot_win.cc(98)] thread ID 13632 not found in process
[0317/134440.190:ERROR:process_reader_win.cc(123)] NtOpenThread: {Access Denied} A process has requested access to an object, but has not been granted those access rights. (0xc0000022)
[0317/134440.190:ERROR:exception_snapshot_win.cc(98)] thread ID 4896 not found in process
[0317/134440.243:ERROR:process_reader_win.cc(151)] SuspendThread: Access is denied. (0x5)
[0317/134440.243:ERROR:process_reader_win.cc(151)] SuspendThread: Access is denied. (0x5)
[0317/134440.243:ERROR:process_reader_win.cc(151)] SuspendThread: Access is denied. (0x5)
[0317/134440.244:ERROR:process_reader_win.cc(123)] NtOpenThread: {Access Denied} A process has requested access to an object, but has not been granted those access rights. (0xc0000022)
[0317/134440.244:ERROR:exception_snapshot_win.cc(98)] thread ID 26148 not found in process
[0317/143020.879:ERROR:process_reader_win.cc(151)] SuspendThread: Access is denied. (0x5)
[0317/143020.880:ERROR:exception_snapshot_win.cc(98)] thread ID 26344 not found in process
[0317/152452.235:ERROR:process_reader_win.cc(123)] NtOpenThread: {Access Denied} A process has requested access to an object, but has not been granted those access rights. (0xc0000022)
[0317/152452.236:ERROR:exception_snapshot_win.cc(98)] thread ID 29736 not found in process
[0317/152452.279:ERROR:process_reader_win.cc(151)] SuspendThread: Access is denied. (0x5)
[0317/152452.279:ERROR:process_reader_win.cc(151)] SuspendThread: Access is denied. (0x5)
[0317/152452.279:ERROR:process_reader_win.cc(123)] NtOpenThread: {Access Denied} A process has requested access to an object, but has not been granted those access rights. (0xc0000022)
[0317/152452.279:ERROR:exception_snapshot_win.cc(98)] thread ID 31692 not found in process
[0317/152452.324:ERROR:process_reader_win.cc(151)] SuspendThread: Access is denied. (0x5)
[0317/152452.325:ERROR:process_reader_win.cc(151)] SuspendThread: Access is denied. (0x5)
[0317/152452.325:ERROR:process_reader_win.cc(151)] SuspendThread: Access is denied. (0x5)
[0317/152452.325:ERROR:process_reader_win.cc(151)] SuspendThread: Access is denied. (0x5)
[0317/152452.325:ERROR:process_reader_win.cc(123)] NtOpenThread: {Access Denied} A process has requested access to an object, but has not been granted those access rights. (0xc0000022)
[0317/152452.325:ERROR:exception_snapshot_win.cc(98)] thread ID 2388 not found in process
[0317/152453.791:ERROR:process_reader_win.cc(123)] NtOpenThread: {Access Denied} A process has requested access to an object, but has not been granted those access rights. (0xc0000022)
[0317/152453.791:ERROR:exception_snapshot_win.cc(98)] thread ID 27944 not found in process
[0317/225211.915:ERROR:process_memory_win.cc(73)] ReadMemory at 0x1e218fa2cc0 of 6656 bytes failed: Only part of a ReadProcessMemory or WriteProcessMemory request was completed. (0x12B)
[0317/225211.915:ERROR:process_snapshot_win.cc(322)] failed to read unloaded module data
[0317/225211.920:ERROR:process_memory_win.cc(73)] ReadMemory at 0x7ff69b8c0000 of 64 bytes failed: Only part of a ReadProcessMemory or WriteProcessMemory request was completed. (0x12B)
[0317/225211.920:WARNING:pe_image_reader.cc(340)] could not read dos header from C:\Program Files (x86)\Google\Chrome\Application\chrome.exe
[0317/225211.920:ERROR:process_memory_win.cc(73)] ReadMemory at 0x7ff69b8c0000 of 64 bytes failed: Only part of a ReadProcessMemory or WriteProcessMemory request was completed. (0x12B)
[0317/225211.920:WARNING:pe_image_reader.cc(340)] could not read dos header from C:\Program Files (x86)\Google\Chrome\Application\chrome.exe
[0317/225211.920:ERROR:process_memory_win.cc(73)] ReadMemory at 0x1e2192951e0 of 72 bytes failed: Only part of a ReadProcessMemory or WriteProcessMemory request was completed. (0x12B)
[0317/225211.920:WARNING:pe_image_annotations_reader.cc(134)] could not read annotations list object in C:\Program Files (x86)\Google\Chrome\Application\80.0.3987.132\chrome_elf.dll
[0317/225211.921:ERROR:process_memory_win.cc(73)] ReadMemory at 0x7ffca8df0000 of 64 bytes failed: Only part of a ReadProcessMemory or WriteProcessMemory request was completed. (0x12B)
[0317/225211.921:WARNING:pe_image_reader.cc(340)] could not read dos header from C:\Program Files (x86)\Google\Chrome\Application\80.0.3987.132\chrome.dll
[0317/225211.921:ERROR:process_memory_win.cc(73)] ReadMemory at 0x7ffca8df0000 of 64 bytes failed: Only part of a ReadProcessMemory or WriteProcessMemory request was completed. (0x12B)
[0317/225211.921:WARNING:pe_image_reader.cc(340)] could not read dos header from C:\Program Files (x86)\Google\Chrome\Application\80.0.3987.132\chrome.dll
[0317/225211.923:ERROR:process_memory_win.cc(73)] ReadMemory at 0x7ffceef60000 of 64 bytes failed: Only part of a ReadProcessMemory or WriteProcessMemory request was completed. (0x12B)
[0317/225211.923:WARNING:pe_image_reader.cc(340)] could not read dos header from C:\WINDOWS\SYSTEM32\CRYPTBASE.DLL
[0317/225211.923:ERROR:process_memory_win.cc(73)] ReadMemory at 0x7ffceef60000 of 64 bytes failed: Only part of a ReadProcessMemory or WriteProcessMemory request was completed. (0x12B)
[0317/225211.923:WARNING:pe_image_reader.cc(340)] could not read dos header from C:\WINDOWS\SYSTEM32\CRYPTBASE.DLL
[0317/225211.959:ERROR:process_memory_win.cc(73)] ReadMemory at 0x7ff69b8c0000 of 64 bytes failed: Only part of a ReadProcessMemory or WriteProcessMemory request was completed. (0x12B)
[0317/225211.960:WARNING:pe_image_reader.cc(340)] could not read dos header from C:\Program Files (x86)\Google\Chrome\Application\chrome.exe
[0317/225211.960:ERROR:process_memory_win.cc(73)] ReadMemory at 0x7ffcf3530000 of 64 bytes failed: Only part of a ReadProcessMemory or WriteProcessMemory request was completed. (0x12B)
[0317/225211.960:WARNING:pe_image_reader.cc(340)] could not read dos header from C:\WINDOWS\SYSTEM32\ntdll.dll
[0317/225211.960:ERROR:process_memory_win.cc(73)] ReadMemory at 0x7ffcf2aa0000 of 64 bytes failed: Only part of a ReadProcessMemory or WriteProcessMemory request was completed. (0x12B)
[0317/225211.960:WARNING:pe_image_reader.cc(340)] could not read dos header from C:\WINDOWS\System32\KERNEL32.DLL
[0317/225211.960:ERROR:process_memory_win.cc(73)] ReadMemory at 0x7ffcf0240000 of 64 bytes failed: Only part of a ReadProcessMemory or WriteProcessMemory request was completed. (0x12B)
[0317/225211.960:WARNING:pe_image_reader.cc(340)] could not read dos header from C:\WINDOWS\System32\KERNELBASE.dll
[0317/225211.960:ERROR:process_memory_win.cc(73)] ReadMemory at 0x7ffcb0900000 of 64 bytes failed: Only part of a ReadProcessMemory or WriteProcessMemory request was completed. (0x12B)
[0317/225211.960:WARNING:pe_image_reader.cc(340)] could not read dos header from C:\Program Files (x86)\Google\Chrome\Application\80.0.3987.132\chrome_elf.dll
[0317/225211.960:ERROR:process_memory_win.cc(73)] ReadMemory at 0x7ffce72b0000 of 64 bytes failed: Only part of a ReadProcessMemory or WriteProcessMemory request was completed. (0x12B)
[0317/225211.960:WARNING:pe_image_reader.cc(340)] could not read dos header from C:\WINDOWS\SYSTEM32\VERSION.dll
[0317/225211.960:ERROR:process_memory_win.cc(73)] ReadMemory at 0x7ffcf3340000 of 64 bytes failed: Only part of a ReadProcessMemory or WriteProcessMemory request was completed. (0x12B)
[0317/225211.960:WARNING:pe_image_reader.cc(340)] could not read dos header from C:\WINDOWS\System32\msvcrt.dll
[0317/225211.960:ERROR:process_memory_win.cc(73)] ReadMemory at 0x7ffcf0050000 of 64 bytes failed: Only part of a ReadProcessMemory or WriteProcessMemory request was completed. (0x12B)
[0317/225211.960:WARNING:pe_image_reader.cc(340)] could not read dos header from C:\WINDOWS\System32\bcryptPrimitives.dll
[0317/225211.960:ERROR:process_memory_win.cc(73)] ReadMemory at 0x7ffcf08e0000 of 64 bytes failed: Only part of a ReadProcessMemory or WriteProcessMemory request was completed. (0x12B)
[0317/225211.960:WARNING:pe_image_reader.cc(340)] could not read dos header from C:\WINDOWS\System32\ADVAPI32.dll
[0317/225211.960:ERROR:process_memory_win.cc(73)] ReadMemory at 0x7ffcf3460000 of 64 bytes failed: Only part of a ReadProcessMemory or WriteProcessMemory request was completed. (0x12B)
[0317/225211.960:WARNING:pe_image_reader.cc(340)] could not read dos header from C:\WINDOWS\System32\sechost.dll
[0317/225211.960:ERROR:process_memory_win.cc(73)] ReadMemory at 0x7ffcf0990000 of 64 bytes failed: Only part of a ReadProcessMemory or WriteProcessMemory request was completed. (0x12B)
[0317/225211.960:WARNING:pe_image_reader.cc(340)] could not read dos header from C:\WINDOWS\System32\RPCRT4.dll
[0317/225211.960:ERROR:process_memory_win.cc(73)] ReadMemory at 0x7ffca8df0000 of 64 bytes failed: Only part of a ReadProcessMemory or WriteProcessMemory request was completed. (0x12B)
[0317/225211.960:WARNING:pe_image_reader.cc(340)] could not read dos header from C:\Program Files (x86)\Google\Chrome\Application\80.0.3987.132\chrome.dll
[0317/225211.960:ERROR:process_memory_win.cc(73)] ReadMemory at 0x7ffcf30f0000 of 64 bytes failed: Only part of a ReadProcessMemory or WriteProcessMemory request was completed. (0x12B)
[0317/225211.960:WARNING:pe_image_reader.cc(340)] could not read dos header from C:\WINDOWS\System32\WS2_32.dll
[0317/225211.960:ERROR:process_memory_win.cc(73)] ReadMemory at 0x7ffcf2c50000 of 64 bytes failed: Only part of a ReadProcessMemory or WriteProcessMemory request was completed. (0x12B)
[0317/225211.960:WARNING:pe_image_reader.cc(340)] could not read dos header from C:\WINDOWS\System32\OLEAUT32.dll
[0317/225211.961:ERROR:process_memory_win.cc(73)] ReadMemory at 0x7ffcf01a0000 of 64 bytes failed: Only part of a ReadProcessMemory or WriteProcessMemory request was completed. (0x12B)
[0317/225211.961:WARNING:pe_image_reader.cc(340)] could not read dos header from C:\WINDOWS\System32\msvcp_win.dll
[0317/225211.961:ERROR:process_memory_win.cc(73)] ReadMemory at 0x7ffcefd40000 of 64 bytes failed: Only part of a ReadProcessMemory or WriteProcessMemory request was completed. (0x12B)
[0317/225211.961:WARNING:pe_image_reader.cc(340)] could not read dos header from C:\WINDOWS\System32\ucrtbase.dll
[0317/225211.961:ERROR:process_memory_win.cc(73)] ReadMemory at 0x7ffcf2dc0000 of 64 bytes failed: Only part of a ReadProcessMemory or WriteProcessMemory request was completed. (0x12B)
[0317/225211.961:WARNING:pe_image_reader.cc(340)] could not read dos header from C:\WINDOWS\System32\combase.dll
[0317/225211.961:ERROR:process_memory_win.cc(73)] ReadMemory at 0x7ffcf00d0000 of 64 bytes failed: Only part of a ReadProcessMemory or WriteProcessMemory request was completed. (0x12B)
[0317/225211.961:WARNING:pe_image_reader.cc(340)] could not read dos header from C:\WINDOWS\System32\WINTRUST.dll
[0317/225211.961:ERROR:process_memory_win.cc(73)] ReadMemory at 0x7ffcef570000 of 64 bytes failed: Only part of a ReadProcessMemory or WriteProcessMemory request was completed. (0x12B)
[0317/225211.961:WARNING:pe_image_reader.cc(340)] could not read dos header from C:\WINDOWS\System32\MSASN1.dll
[0317/225211.961:ERROR:process_memory_win.cc(73)] ReadMemory at 0x7ffcefe40000 of 64 bytes failed: Only part of a ReadProcessMemory or WriteProcessMemory request was completed. (0x12B)
[0317/225211.961:WARNING:pe_image_reader.cc(340)] could not read dos header from C:\WINDOWS\System32\CRYPT32.dll
[0317/225211.961:ERROR:process_memory_win.cc(73)] ReadMemory at 0x7ffceeab0000 of 64 bytes failed: Only part of a ReadProcessMemory or WriteProcessMemory request was completed. (0x12B)
[0317/225211.961:WARNING:pe_image_reader.cc(340)] could not read dos header from C:\WINDOWS\SYSTEM32\IPHLPAPI.DLL
[0317/225211.961:ERROR:process_memory_win.cc(73)] ReadMemory at 0x7ffce4cf0000 of 64 bytes failed: Only part of a ReadProcessMemory or WriteProcessMemory request was completed. (0x12B)
[0317/225211.961:WARNING:pe_image_reader.cc(340)] could not read dos header from C:\WINDOWS\SYSTEM32\WINMM.dll
[0317/225211.961:ERROR:process_memory_win.cc(73)] ReadMemory at 0x7ffcd9310000 of 64 bytes failed: Only part of a ReadProcessMemory or WriteProcessMemory request was completed. (0x12B)
[0317/225211.961:WARNING:pe_image_reader.cc(340)] could not read dos header from C:\WINDOWS\SYSTEM32\Secur32.dll
[0317/225211.961:ERROR:process_memory_win.cc(73)] ReadMemory at 0x7ffcef450000 of 64 bytes failed: Only part of a ReadProcessMemory or WriteProcessMemory request was completed. (0x12B)
[0317/225211.961:WARNING:pe_image_reader.cc(340)] could not read dos header from C:\WINDOWS\SYSTEM32\USERENV.dll
[0317/225211.961:ERROR:process_memory_win.cc(73)] ReadMemory at 0x7ffcef540000 of 64 bytes failed: Only part of a ReadProcessMemory or WriteProcessMemory request was completed. (0x12B)
[0317/225211.961:WARNING:pe_image_reader.cc(340)] could not read dos header from C:\WINDOWS\System32\profapi.dll
[0317/225211.961:ERROR:process_memory_win.cc(73)] ReadMemory at 0x7ffcc44b0000 of 64 bytes failed: Only part of a ReadProcessMemory or WriteProcessMemory request was completed. (0x12B)
[0317/225211.961:WARNING:pe_image_reader.cc(340)] could not read dos header from C:\WINDOWS\SYSTEM32\UIAutomationCore.DLL
[0317/225211.961:ERROR:process_memory_win.cc(73)] ReadMemory at 0x7ffcdfaa0000 of 64 bytes failed: Only part of a ReadProcessMemory or WriteProcessMemory request was completed. (0x12B)
[0317/225211.961:WARNING:pe_image_reader.cc(340)] could not read dos header from C:\WINDOWS\SYSTEM32\DWrite.dll
[0317/225211.961:ERROR:process_memory_win.cc(73)] ReadMemory at 0x7ffce4150000 of 64 bytes failed: Only part of a ReadProcessMemory or WriteProcessMemory request was completed. (0x12B)
[0317/225211.961:WARNING:pe_image_reader.cc(340)] could not read dos header from C:\WINDOWS\SYSTEM32\WINSPOOL.DRV
[0317/225211.962:ERROR:process_memory_win.cc(73)] ReadMemory at 0x7ffcef520000 of 64 bytes failed: Only part of a ReadProcessMemory or WriteProcessMemory request was completed. (0x12B)
[0317/225211.962:WARNING:pe_image_reader.cc(340)] could not read dos header from C:\WINDOWS\System32\kernel.appcore.dll
[0317/225211.962:ERROR:process_memory_win.cc(73)] ReadMemory at 0x7ffcf0020000 of 64 bytes failed: Only part of a ReadProcessMemory or WriteProcessMemory request was completed. (0x12B)
[0317/225211.962:WARNING:pe_image_reader.cc(340)] could not read dos header from C:\WINDOWS\System32\bcrypt.dll
[0317/225211.962:ERROR:process_memory_win.cc(73)] ReadMemory at 0x7ffce6eb0000 of 64 bytes failed: Only part of a ReadProcessMemory or WriteProcessMemory request was completed. (0x12B)
[0317/225211.962:WARNING:pe_image_reader.cc(340)] could not read dos header from C:\WINDOWS\SYSTEM32\dbghelp.dll
[0317/225211.962:ERROR:process_memory_win.cc(73)] ReadMemory at 0x7ffce5f40000 of 64 bytes failed: Only part of a ReadProcessMemory or WriteProcessMemory request was completed. (0x12B)
[0317/225211.962:WARNING:pe_image_reader.cc(340)] could not read dos header from C:\WINDOWS\SYSTEM32\WINHTTP.dll
[0317/225211.962:ERROR:process_memory_win.cc(73)] ReadMemory at 0x7ffce7ff0000 of 64 bytes failed: Only part of a ReadProcessMemory or WriteProcessMemory request was completed. (0x12B)
[0317/225211.962:WARNING:pe_image_reader.cc(340)] could not read dos header from C:\WINDOWS\SYSTEM32\dhcpcsvc.DLL
[0317/225211.962:ERROR:process_memory_win.cc(73)] ReadMemory at 0x7ffcf2d20000 of 64 bytes failed: Only part of a ReadProcessMemory or WriteProcessMemory request was completed. (0x12B)
[0317/225211.962:WARNING:pe_image_reader.cc(340)] could not read dos header from C:\WINDOWS\System32\NSI.dll
[0317/225211.962:ERROR:process_memory_win.cc(73)] ReadMemory at 0x7ffce4cc0000 of 64 bytes failed: Only part of a ReadProcessMemory or WriteProcessMemory request was completed. (0x12B)
[0317/225211.962:WARNING:pe_image_reader.cc(340)] could not read dos header from C:\WINDOWS\SYSTEM32\WINMMBASE.dll
[0317/225211.962:ERROR:process_memory_win.cc(73)] ReadMemory at 0x7ffcf0150000 of 64 bytes failed: Only part of a ReadProcessMemory or WriteProcessMemory request was completed. (0x12B)
[0317/225211.962:WARNING:pe_image_reader.cc(340)] could not read dos header from C:\WINDOWS\System32\cfgmgr32.dll
[0317/225211.962:ERROR:process_memory_win.cc(73)] ReadMemory at 0x7ffce4730000 of 64 bytes failed: Only part of a ReadProcessMemory or WriteProcessMemory request was completed. (0x12B)
[0317/225211.962:WARNING:pe_image_reader.cc(340)] could not read dos header from C:\WINDOWS\SYSTEM32\Bcp47Langs.dll
[0317/225211.962:ERROR:process_memory_win.cc(73)] ReadMemory at 0x7ffcebf00000 of 64 bytes failed: Only part of a ReadProcessMemory or WriteProcessMemory request was completed. (0x12B)
[0317/225211.962:WARNING:pe_image_reader.cc(340)] could not read dos header from C:\WINDOWS\SYSTEM32\PROPSYS.dll
[0317/225211.962:ERROR:process_memory_win.cc(73)] ReadMemory at 0x7ffcf0cd0000 of 64 bytes failed: Only part of a ReadProcessMemory or WriteProcessMemory request was completed. (0x12B)
[0317/225211.962:WARNING:pe_image_reader.cc(340)] could not read dos header from C:\WINDOWS\System32\shcore.dll
[0317/225211.962:ERROR:process_memory_win.cc(73)] ReadMemory at 0x7ffcef420000 of 64 bytes failed: Only part of a ReadProcessMemory or WriteProcessMemory request was completed. (0x12B)
[0317/225211.962:WARNING:pe_image_reader.cc(340)] could not read dos header from C:\WINDOWS\SYSTEM32\SSPICLI.DLL
[0317/225211.962:ERROR:process_memory_win.cc(73)] ReadMemory at 0x7ffcf15a0000 of 64 bytes failed: Only part of a ReadProcessMemory or WriteProcessMemory request was completed. (0x12B)
[0317/225211.962:WARNING:pe_image_reader.cc(340)] could not read dos header from C:\WINDOWS\System32\SHELL32.dll
[0317/225211.962:ERROR:process_memory_win.cc(73)] ReadMemory at 0x7ffcef5f0000 of 64 bytes failed: Only part of a ReadProcessMemory or WriteProcessMemory request was completed. (0x12B)
[0317/225211.962:WARNING:pe_image_reader.cc(340)] could not read dos header from C:\WINDOWS\System32\windows.storage.dll
[0317/225211.962:ERROR:process_memory_win.cc(73)] ReadMemory at 0x7ffcef590000 of 64 bytes failed: Only part of a ReadProcessMemory or WriteProcessMemory request was completed. (0x12B)
[0317/225211.963:WARNING:pe_image_reader.cc(340)] could not read dos header from C:\WINDOWS\System32\powrprof.dll
[0317/225211.963:ERROR:process_memory_win.cc(73)] ReadMemory at 0x7ffcf13b0000 of 64 bytes failed: Only part of a ReadProcessMemory or WriteProcessMemory request was completed. (0x12B)
[0317/225211.963:WARNING:pe_image_reader.cc(340)] could not read dos header from C:\WINDOWS\System32\shlwapi.dll
[0317/225211.963:ERROR:process_memory_win.cc(73)] ReadMemory at 0x7ffcf3310000 of 64 bytes failed: Only part of a ReadProcessMemory or WriteProcessMemory request was completed. (0x12B)
[0317/225211.963:WARNING:pe_image_reader.cc(340)] could not read dos header from C:\WINDOWS\System32\GDI32.dll
[0317/225211.963:ERROR:process_memory_win.cc(73)] ReadMemory at 0x7ffcf05b0000 of 64 bytes failed: Only part of a ReadProcessMemory or WriteProcessMemory request was completed. (0x12B)
[0317/225211.963:WARNING:pe_image_reader.cc(340)] could not read dos header from C:\WINDOWS\System32\gdi32full.dll
[0317/225211.963:ERROR:process_memory_win.cc(73)] ReadMemory at 0x7ffcf0d80000 of 64 bytes failed: Only part of a ReadProcessMemory or WriteProcessMemory request was completed. (0x12B)
[0317/225211.963:WARNING:pe_image_reader.cc(340)] could not read dos header from C:\WINDOWS\System32\USER32.dll
[0317/225211.963:ERROR:process_memory_win.cc(73)] ReadMemory at 0x7ffcf0130000 of 64 bytes failed: Only part of a ReadProcessMemory or WriteProcessMemory request was completed. (0x12B)
[0317/225211.963:WARNING:pe_image_reader.cc(340)] could not read dos header from C:\WINDOWS\System32\win32u.dll
[0317/225211.963:ERROR:process_memory_win.cc(73)] ReadMemory at 0x7ffcf0590000 of 64 bytes failed: Only part of a ReadProcessMemory or WriteProcessMemory request was completed. (0x12B)
[0317/225211.963:WARNING:pe_image_reader.cc(340)] could not read dos header from C:\WINDOWS\System32\cryptsp.dll
[0317/225211.963:ERROR:process_memory_win.cc(73)] ReadMemory at 0x7ffcf2c20000 of 64 bytes failed: Only part of a ReadProcessMemory or WriteProcessMemory request was completed. (0x12B)
[0317/225211.963:WARNING:pe_image_reader.cc(340)] could not read dos header from C:\WINDOWS\System32\IMM32.DLL
[0317/225211.963:ERROR:process_memory_win.cc(73)] ReadMemory at 0x7ffceef60000 of 64 bytes failed: Only part of a ReadProcessMemory or WriteProcessMemory request was completed. (0x12B)
[0317/225211.963:WARNING:pe_image_reader.cc(340)] could not read dos header from C:\WINDOWS\SYSTEM32\CRYPTBASE.DLL
[0317/225211.963:ERROR:process_memory_win.cc(73)] ReadMemory at 0x7ff69b8c0000 of 64 bytes failed: Only part of a ReadProcessMemory or WriteProcessMemory request was completed. (0x12B)
[0317/225211.963:WARNING:pe_image_reader.cc(340)] could not read dos header from C:\Program Files (x86)\Google\Chrome\Application\chrome.exe
[0317/225211.963:ERROR:process_memory_win.cc(73)] ReadMemory at 0x7ffcf3530000 of 64 bytes failed: Only part of a ReadProcessMemory or WriteProcessMemory request was completed. (0x12B)
[0317/225211.963:WARNING:pe_image_reader.cc(340)] could not read dos header from C:\WINDOWS\SYSTEM32\ntdll.dll
[0317/225211.963:ERROR:process_memory_win.cc(73)] ReadMemory at 0x7ffcf2aa0000 of 64 bytes failed: Only part of a ReadProcessMemory or WriteProcessMemory request was completed. (0x12B)
[0317/225211.963:WARNING:pe_image_reader.cc(340)] could not read dos header from C:\WINDOWS\System32\KERNEL32.DLL
[0317/225211.963:ERROR:process_memory_win.cc(73)] ReadMemory at 0x7ffcf0240000 of 64 bytes failed: Only part of a ReadProcessMemory or WriteProcessMemory request was completed. (0x12B)
[0317/225211.963:WARNING:pe_image_reader.cc(340)] could not read dos header from C:\WINDOWS\System32\KERNELBASE.dll
[0317/225211.963:ERROR:process_memory_win.cc(73)] ReadMemory at 0x7ffcb0900000 of 64 bytes failed: Only part of a ReadProcessMemory or WriteProcessMemory request was completed. (0x12B)
[0317/225211.963:WARNING:pe_image_reader.cc(340)] could not read dos header from C:\Program Files (x86)\Google\Chrome\Application\80.0.3987.132\chrome_elf.dll
[0317/225211.964:ERROR:process_memory_win.cc(73)] ReadMemory at 0x7ffce72b0000 of 64 bytes failed: Only part of a ReadProcessMemory or WriteProcessMemory request was completed. (0x12B)
[0317/225211.964:WARNING:pe_image_reader.cc(340)] could not read dos header from C:\WINDOWS\SYSTEM32\VERSION.dll
[0317/225211.964:ERROR:process_memory_win.cc(73)] ReadMemory at 0x7ffcf3340000 of 64 bytes failed: Only part of a ReadProcessMemory or WriteProcessMemory request was completed. (0x12B)
[0317/225211.964:WARNING:pe_image_reader.cc(340)] could not read dos header from C:\WINDOWS\System32\msvcrt.dll
[0317/225211.964:ERROR:process_memory_win.cc(73)] ReadMemory at 0x7ffcf0050000 of 64 bytes failed: Only part of a ReadProcessMemory or WriteProcessMemory request was completed. (0x12B)
[0317/225211.964:WARNING:pe_image_reader.cc(340)] could not read dos header from C:\WINDOWS\System32\bcryptPrimitives.dll
[0317/225211.964:ERROR:process_memory_win.cc(73)] ReadMemory at 0x7ffcf08e0000 of 64 bytes failed: Only part of a ReadProcessMemory or WriteProcessMemory request was completed. (0x12B)
[0317/225211.964:WARNING:pe_image_reader.cc(340)] could not read dos header from C:\WINDOWS\System32\ADVAPI32.dll
[0317/225211.964:ERROR:process_memory_win.cc(73)] ReadMemory at 0x7ffcf3460000 of 64 bytes failed: Only part of a ReadProcessMemory or WriteProcessMemory request was completed. (0x12B)
[0317/225211.964:WARNING:pe_image_reader.cc(340)] could not read dos header from C:\WINDOWS\System32\sechost.dll
[0317/225211.964:ERROR:process_memory_win.cc(73)] ReadMemory at 0x7ffcf0990000 of 64 bytes failed: Only part of a ReadProcessMemory or WriteProcessMemory request was completed. (0x12B)
[0317/225211.964:WARNING:pe_image_reader.cc(340)] could not read dos header from C:\WINDOWS\System32\RPCRT4.dll
[0317/225211.964:ERROR:process_memory_win.cc(73)] ReadMemory at 0x7ffca8df0000 of 64 bytes failed: Only part of a ReadProcessMemory or WriteProcessMemory request was completed. (0x12B)
[0317/225211.964:WARNING:pe_image_reader.cc(340)] could not read dos header from C:\Program Files (x86)\Google\Chrome\Application\80.0.3987.132\chrome.dll
[0317/225211.964:ERROR:process_memory_win.cc(73)] ReadMemory at 0x7ffcf30f0000 of 64 bytes failed: Only part of a ReadProcessMemory or WriteProcessMemory request was completed. (0x12B)
[0317/225211.964:WARNING:pe_image_reader.cc(340)] could not read dos header from C:\WINDOWS\System32\WS2_32.dll
[0317/225211.964:ERROR:process_memory_win.cc(73)] ReadMemory at 0x7ffcf2c50000 of 64 bytes failed: Only part of a ReadProcessMemory or WriteProcessMemory request was completed. (0x12B)
[0317/225211.964:WARNING:pe_image_reader.cc(340)] could not read dos header from C:\WINDOWS\System32\OLEAUT32.dll
[0317/225211.964:ERROR:process_memory_win.cc(73)] ReadMemory at 0x7ffcf01a0000 of 64 bytes failed: Only part of a ReadProcessMemory or WriteProcessMemory request was completed. (0x12B)
[0317/225211.964:WARNING:pe_image_reader.cc(340)] could not read dos header from C:\WINDOWS\System32\msvcp_win.dll
[0317/225211.964:ERROR:process_memory_win.cc(73)] ReadMemory at 0x7ffcefd40000 of 64 bytes failed: Only part of a ReadProcessMemory or WriteProcessMemory request was completed. (0x12B)
[0317/225211.964:WARNING:pe_image_reader.cc(340)] could not read dos header from C:\WINDOWS\System32\ucrtbase.dll
[0317/225211.964:ERROR:process_memory_win.cc(73)] ReadMemory at 0x7ffcf2dc0000 of 64 bytes failed: Only part of a ReadProcessMemory or WriteProcessMemory request was completed. (0x12B)
[0317/225211.964:WARNING:pe_image_reader.cc(340)] could not read dos header from C:\WINDOWS\System32\combase.dll
[0317/225211.964:ERROR:process_memory_win.cc(73)] ReadMemory at 0x7ffcf00d0000 of 64 bytes failed: Only part of a ReadProcessMemory or WriteProcessMemory request was completed. (0x12B)
[0317/225211.964:WARNING:pe_image_reader.cc(340)] could not read dos header from C:\WINDOWS\System32\WINTRUST.dll
[0317/225211.965:ERROR:process_memory_win.cc(73)] ReadMemory at 0x7ffcef570000 of 64 bytes failed: Only part of a ReadProcessMemory or WriteProcessMemory request was completed. (0x12B)
[0317/225211.965:WARNING:pe_image_reader.cc(340)] could not read dos header from C:\WINDOWS\System32\MSASN1.dll
[0317/225211.965:ERROR:process_memory_win.cc(73)] ReadMemory at 0x7ffcefe40000 of 64 bytes failed: Only part of a ReadProcessMemory or WriteProcessMemory request was completed. (0x12B)
[0317/225211.965:WARNING:pe_image_reader.cc(340)] could not read dos header from C:\WINDOWS\System32\CRYPT32.dll
[0317/225211.965:ERROR:process_memory_win.cc(73)] ReadMemory at 0x7ffceeab0000 of 64 bytes failed: Only part of a ReadProcessMemory or WriteProcessMemory request was completed. (0x12B)
[0317/225211.965:WARNING:pe_image_reader.cc(340)] could not read dos header from C:\WINDOWS\SYSTEM32\IPHLPAPI.DLL
[0317/225211.965:ERROR:process_memory_win.cc(73)] ReadMemory at 0x7ffce4cf0000 of 64 bytes failed: Only part of a ReadProcessMemory or WriteProcessMemory request was completed. (0x12B)
[0317/225211.965:WARNING:pe_image_reader.cc(340)] could not read dos header from C:\WINDOWS\SYSTEM32\WINMM.dll
[0317/225211.965:ERROR:process_memory_win.cc(73)] ReadMemory at 0x7ffcd9310000 of 64 bytes failed: Only part of a ReadProcessMemory or WriteProcessMemory request was completed. (0x12B)
[0317/225211.965:WARNING:pe_image_reader.cc(340)] could not read dos header from C:\WINDOWS\SYSTEM32\Secur32.dll
[0317/225211.965:ERROR:process_memory_win.cc(73)] ReadMemory at 0x7ffcef450000 of 64 bytes failed: Only part of a ReadProcessMemory or WriteProcessMemory request was completed. (0x12B)
[0317/225211.965:WARNING:pe_image_reader.cc(340)] could not read dos header from C:\WINDOWS\SYSTEM32\USERENV.dll
[0317/225211.965:ERROR:process_memory_win.cc(73)] ReadMemory at 0x7ffcef540000 of 64 bytes failed: Only part of a ReadProcessMemory or WriteProcessMemory request was completed. (0x12B)
[0317/225211.965:WARNING:pe_image_reader.cc(340)] could not read dos header from C:\WINDOWS\System32\profapi.dll
[0317/225211.965:ERROR:process_memory_win.cc(73)] ReadMemory at 0x7ffcc44b0000 of 64 bytes failed: Only part of a ReadProcessMemory or WriteProcessMemory request was completed. (0x12B)
[0317/225211.965:WARNING:pe_image_reader.cc(340)] could not read dos header from C:\WINDOWS\SYSTEM32\UIAutomationCore.DLL
[0317/225211.965:ERROR:process_memory_win.cc(73)] ReadMemory at 0x7ffcdfaa0000 of 64 bytes failed: Only part of a ReadProcessMemory or WriteProcessMemory request was completed. (0x12B)
[0317/225211.965:WARNING:pe_image_reader.cc(340)] could not read dos header from C:\WINDOWS\SYSTEM32\DWrite.dll
[0317/225211.965:ERROR:process_memory_win.cc(73)] ReadMemory at 0x7ffce4150000 of 64 bytes failed: Only part of a ReadProcessMemory or WriteProcessMemory request was completed. (0x12B)
[0317/225211.965:WARNING:pe_image_reader.cc(340)] could not read dos header from C:\WINDOWS\SYSTEM32\WINSPOOL.DRV
[0317/225211.965:ERROR:process_memory_win.cc(73)] ReadMemory at 0x7ffcef520000 of 64 bytes failed: Only part of a ReadProcessMemory or WriteProcessMemory request was completed. (0x12B)
[0317/225211.965:WARNING:pe_image_reader.cc(340)] could not read dos header from C:\WINDOWS\System32\kernel.appcore.dll
[0317/225211.965:ERROR:process_memory_win.cc(73)] ReadMemory at 0x7ffcf0020000 of 64 bytes failed: Only part of a ReadProcessMemory or WriteProcessMemory request was completed. (0x12B)
[0317/225211.965:WARNING:pe_image_reader.cc(340)] could not read dos header from C:\WINDOWS\System32\bcrypt.dll
[0317/225211.965:ERROR:process_memory_win.cc(73)] ReadMemory at 0x7ffce6eb0000 of 64 bytes failed: Only part of a ReadProcessMemory or WriteProcessMemory request was completed. (0x12B)
[0317/225211.965:WARNING:pe_image_reader.cc(340)] could not read dos header from C:\WINDOWS\SYSTEM32\dbghelp.dll
[0317/225211.965:ERROR:process_memory_win.cc(73)] ReadMemory at 0x7ffce5f40000 of 64 bytes failed: Only part of a ReadProcessMemory or WriteProcessMemory request was completed. (0x12B)
[0317/225211.965:WARNING:pe_image_reader.cc(340)] could not read dos header from C:\WINDOWS\SYSTEM32\WINHTTP.dll
[0317/225211.965:ERROR:process_memory_win.cc(73)] ReadMemory at 0x7ffce7ff0000 of 64 bytes failed: Only part of a ReadProcessMemory or WriteProcessMemory request was completed. (0x12B)
[0317/225211.966:WARNING:pe_image_reader.cc(340)] could not read dos header from C:\WINDOWS\SYSTEM32\dhcpcsvc.DLL
[0317/225211.966:ERROR:process_memory_win.cc(73)] ReadMemory at 0x7ffcf2d20000 of 64 bytes failed: Only part of a ReadProcessMemory or WriteProcessMemory request was completed. (0x12B)
[0317/225211.966:WARNING:pe_image_reader.cc(340)] could not read dos header from C:\WINDOWS\System32\NSI.dll
[0317/225211.966:ERROR:process_memory_win.cc(73)] ReadMemory at 0x7ffce4cc0000 of 64 bytes failed: Only part of a ReadProcessMemory or WriteProcessMemory request was completed. (0x12B)
[0317/225211.966:WARNING:pe_image_reader.cc(340)] could not read dos header from C:\WINDOWS\SYSTEM32\WINMMBASE.dll
[0317/225211.966:ERROR:process_memory_win.cc(73)] ReadMemory at 0x7ffcf0150000 of 64 bytes failed: Only part of a ReadProcessMemory or WriteProcessMemory request was completed. (0x12B)
[0317/225211.966:WARNING:pe_image_reader.cc(340)] could not read dos header from C:\WINDOWS\System32\cfgmgr32.dll
[0317/225211.966:ERROR:process_memory_win.cc(73)] ReadMemory at 0x7ffce4730000 of 64 bytes failed: Only part of a ReadProcessMemory or WriteProcessMemory request was completed. (0x12B)
[0317/225211.966:WARNING:pe_image_reader.cc(340)] could not read dos header from C:\WINDOWS\SYSTEM32\Bcp47Langs.dll
[0317/225211.966:ERROR:process_memory_win.cc(73)] ReadMemory at 0x7ffcebf00000 of 64 bytes failed: Only part of a ReadProcessMemory or WriteProcessMemory request was completed. (0x12B)
[0317/225211.966:WARNING:pe_image_reader.cc(340)] could not read dos header from C:\WINDOWS\SYSTEM32\PROPSYS.dll
[0317/225211.966:ERROR:process_memory_win.cc(73)] ReadMemory at 0x7ffcf0cd0000 of 64 bytes failed: Only part of a ReadProcessMemory or WriteProcessMemory request was completed. (0x12B)
[0317/225211.966:WARNING:pe_image_reader.cc(340)] could not read dos header from C:\WINDOWS\System32\shcore.dll
[0317/225211.966:ERROR:process_memory_win.cc(73)] ReadMemory at 0x7ffcef420000 of 64 bytes failed: Only part of a ReadProcessMemory or WriteProcessMemory request was completed. (0x12B)
[0317/225211.966:WARNING:pe_image_reader.cc(340)] could not read dos header from C:\WINDOWS\SYSTEM32\SSPICLI.DLL
[0317/225211.966:ERROR:process_memory_win.cc(73)] ReadMemory at 0x7ffcf15a0000 of 64 bytes failed: Only part of a ReadProcessMemory or WriteProcessMemory request was completed. (0x12B)
[0317/225211.966:WARNING:pe_image_reader.cc(340)] could not read dos header from C:\WINDOWS\System32\SHELL32.dll
[0317/225211.966:ERROR:process_memory_win.cc(73)] ReadMemory at 0x7ffcef5f0000 of 64 bytes failed: Only part of a ReadProcessMemory or WriteProcessMemory request was completed. (0x12B)
[0317/225211.966:WARNING:pe_image_reader.cc(340)] could not read dos header from C:\WINDOWS\System32\windows.storage.dll
[0317/225211.966:ERROR:process_memory_win.cc(73)] ReadMemory at 0x7ffcef590000 of 64 bytes failed: Only part of a ReadProcessMemory or WriteProcessMemory request was completed. (0x12B)
[0317/225211.966:WARNING:pe_image_reader.cc(340)] could not read dos header from C:\WINDOWS\System32\powrprof.dll
[0317/225211.966:ERROR:process_memory_win.cc(73)] ReadMemory at 0x7ffcf13b0000 of 64 bytes failed: Only part of a ReadProcessMemory or WriteProcessMemory request was completed. (0x12B)
[0317/225211.966:WARNING:pe_image_reader.cc(340)] could not read dos header from C:\WINDOWS\System32\shlwapi.dll
[0317/225211.966:ERROR:process_memory_win.cc(73)] ReadMemory at 0x7ffcf3310000 of 64 bytes failed: Only part of a ReadProcessMemory or WriteProcessMemory request was completed. (0x12B)
[0317/225211.966:WARNING:pe_image_reader.cc(340)] could not read dos header from C:\WINDOWS\System32\GDI32.dll
[0317/225211.966:ERROR:process_memory_win.cc(73)] ReadMemory at 0x7ffcf05b0000 of 64 bytes failed: Only part of a ReadProcessMemory or WriteProcessMemory request was completed. (0x12B)
[0317/225211.966:WARNING:pe_image_reader.cc(340)] could not read dos header from C:\WINDOWS\System32\gdi32full.dll
[0317/225211.966:ERROR:process_memory_win.cc(73)] ReadMemory at 0x7ffcf0d80000 of 64 bytes failed: Only part of a ReadProcessMemory or WriteProcessMemory request was completed. (0x12B)
[0317/225211.967:WARNING:pe_image_reader.cc(340)] could not read dos header from C:\WINDOWS\System32\USER32.dll
[0317/225211.967:ERROR:process_memory_win.cc(73)] ReadMemory at 0x7ffcf0130000 of 64 bytes failed: Only part of a ReadProcessMemory or WriteProcessMemory request was completed. (0x12B)
[0317/225211.967:WARNING:pe_image_reader.cc(340)] could not read dos header from C:\WINDOWS\System32\win32u.dll
[0317/225211.967:ERROR:process_memory_win.cc(73)] ReadMemory at 0x7ffcf0590000 of 64 bytes failed: Only part of a ReadProcessMemory or WriteProcessMemory request was completed. (0x12B)
[0317/225211.967:WARNING:pe_image_reader.cc(340)] could not read dos header from C:\WINDOWS\System32\cryptsp.dll
[0317/225211.967:ERROR:process_memory_win.cc(73)] ReadMemory at 0x7ffcf2c20000 of 64 bytes failed: Only part of a ReadProcessMemory or WriteProcessMemory request was completed. (0x12B)
[0317/225211.967:WARNING:pe_image_reader.cc(340)] could not read dos header from C:\WINDOWS\System32\IMM32.DLL
[0317/225211.967:ERROR:process_memory_win.cc(73)] ReadMemory at 0x7ffceef60000 of 64 bytes failed: Only part of a ReadProcessMemory or WriteProcessMemory request was completed. (0x12B)
[0317/225211.967:WARNING:pe_image_reader.cc(340)] could not read dos header from C:\WINDOWS\SYSTEM32\CRYPTBASE.DLL
[0317/225211.976:ERROR:process_memory_win.cc(73)] ReadMemory at 0xad889f5000 of 45056 bytes failed: Only part of a ReadProcessMemory or WriteProcessMemory request was completed. (0x12B)
[0317/225211.976:ERROR:process_memory_win.cc(73)] ReadMemory at 0xad891fd000 of 12288 bytes failed: Only part of a ReadProcessMemory or WriteProcessMemory request was completed. (0x12B)
[0317/225211.976:ERROR:process_memory_win.cc(73)] ReadMemory at 0xad899fb000 of 20480 bytes failed: Only part of a ReadProcessMemory or WriteProcessMemory request was completed. (0x12B)
[0317/225211.976:ERROR:process_memory_win.cc(73)] ReadMemory at 0xad8a1fc000 of 16384 bytes failed: Only part of a ReadProcessMemory or WriteProcessMemory request was completed. (0x12B)
[0317/225211.976:ERROR:process_memory_win.cc(73)] ReadMemory at 0xad8a9fc000 of 16384 bytes failed: Only part of a ReadProcessMemory or WriteProcessMemory request was completed. (0x12B)
[0317/225211.976:ERROR:process_memory_win.cc(73)] ReadMemory at 0xad8b1fe000 of 8192 bytes failed: Only part of a ReadProcessMemory or WriteProcessMemory request was completed. (0x12B)
[0317/225211.977:ERROR:process_memory_win.cc(73)] ReadMemory at 0xad8b9fd000 of 12288 bytes failed: Only part of a ReadProcessMemory or WriteProcessMemory request was completed. (0x12B)
[0317/225211.977:ERROR:process_memory_win.cc(73)] ReadMemory at 0xad8c1fb000 of 20480 bytes failed: Only part of a ReadProcessMemory or WriteProcessMemory request was completed. (0x12B)
[0317/225211.977:ERROR:process_memory_win.cc(73)] ReadMemory at 0xad8c9fd000 of 12288 bytes failed: Only part of a ReadProcessMemory or WriteProcessMemory request was completed. (0x12B)
[0317/225211.977:ERROR:process_memory_win.cc(73)] ReadMemory at 0xad8d1fd000 of 12288 bytes failed: Only part of a ReadProcessMemory or WriteProcessMemory request was completed. (0x12B)
[0317/225211.977:ERROR:process_memory_win.cc(73)] ReadMemory at 0xad8d9fd000 of 12288 bytes failed: Only part of a ReadProcessMemory or WriteProcessMemory request was completed. (0x12B)
[0317/225211.977:ERROR:process_memory_win.cc(73)] ReadMemory at 0xad8e1fd000 of 12288 bytes failed: Only part of a ReadProcessMemory or WriteProcessMemory request was completed. (0x12B)
[0317/225211.977:ERROR:process_memory_win.cc(73)] ReadMemory at 0xad8e9fd000 of 12288 bytes failed: Only part of a ReadProcessMemory or WriteProcessMemory request was completed. (0x12B)
[0317/225211.977:ERROR:process_memory_win.cc(73)] ReadMemory at 0xad8f1fd000 of 12288 bytes failed: Only part of a ReadProcessMemory or WriteProcessMemory request was completed. (0x12B)
[0317/225211.977:ERROR:process_memory_win.cc(73)] ReadMemory at 0xad8f9ff000 of 4096 bytes failed: Only part of a ReadProcessMemory or WriteProcessMemory request was completed. (0x12B)
[0317/225211.977:ERROR:process_memory_win.cc(73)] ReadMemory at 0xad88049000 of 852 bytes failed: Only part of a ReadProcessMemory or WriteProcessMemory request was completed. (0x12B)
[0317/225211.978:ERROR:process_memory_win.cc(73)] ReadMemory at 0xad8804a000 of 6024 bytes failed: Only part of a ReadProcessMemory or WriteProcessMemory request was completed. (0x12B)
[0317/225211.978:ERROR:process_memory_win.cc(73)] ReadMemory at 0xad8804c000 of 6024 bytes failed: Only part of a ReadProcessMemory or WriteProcessMemory request was completed. (0x12B)
[0317/225211.978:ERROR:process_memory_win.cc(73)] ReadMemory at 0xad8804e000 of 6024 bytes failed: Only part of a ReadProcessMemory or WriteProcessMemory request was completed. (0x12B)
[0317/225211.978:ERROR:process_memory_win.cc(73)] ReadMemory at 0xad88050000 of 6024 bytes failed: Only part of a ReadProcessMemory or WriteProcessMemory request was completed. (0x12B)
[0317/225211.978:ERROR:process_memory_win.cc(73)] ReadMemory at 0xad88052000 of 6024 bytes failed: Only part of a ReadProcessMemory or WriteProcessMemory request was completed. (0x12B)
[0317/225211.978:ERROR:process_memory_win.cc(73)] ReadMemory at 0xad88054000 of 6024 bytes failed: Only part of a ReadProcessMemory or WriteProcessMemory request was completed. (0x12B)
[0317/225211.978:ERROR:process_memory_win.cc(73)] ReadMemory at 0xad88056000 of 6024 bytes failed: Only part of a ReadProcessMemory or WriteProcessMemory request was completed. (0x12B)
[0317/225211.978:ERROR:process_memory_win.cc(73)] ReadMemory at 0xad88058000 of 6024 bytes failed: Only part of a ReadProcessMemory or WriteProcessMemory request was completed. (0x12B)
[0317/225211.978:ERROR:process_memory_win.cc(73)] ReadMemory at 0xad8805a000 of 6024 bytes failed: Only part of a ReadProcessMemory or WriteProcessMemory request was completed. (0x12B)
[0317/225211.978:ERROR:process_memory_win.cc(73)] ReadMemory at 0xad8805c000 of 6024 bytes failed: Only part of a ReadProcessMemory or WriteProcessMemory request was completed. (0x12B)
[0317/225211.979:ERROR:process_memory_win.cc(73)] ReadMemory at 0xad8805e000 of 6024 bytes failed: Only part of a ReadProcessMemory or WriteProcessMemory request was completed. (0x12B)
[0317/225211.979:ERROR:process_memory_win.cc(73)] ReadMemory at 0xad88060000 of 6024 bytes failed: Only part of a ReadProcessMemory or WriteProcessMemory request was completed. (0x12B)
[0317/225211.979:ERROR:process_memory_win.cc(73)] ReadMemory at 0xad88062000 of 6024 bytes failed: Only part of a ReadProcessMemory or WriteProcessMemory request was completed. (0x12B)
[0317/225211.979:ERROR:process_memory_win.cc(73)] ReadMemory at 0xad88064000 of 6024 bytes failed: Only part of a ReadProcessMemory or WriteProcessMemory request was completed. (0x12B)
[0317/225211.979:ERROR:process_memory_win.cc(73)] ReadMemory at 0xad88066000 of 6024 bytes failed: Only part of a ReadProcessMemory or WriteProcessMemory request was completed. (0x12B)
[0317/225211.979:ERROR:process_memory_win.cc(73)] ReadMemory at 0x1e218f70d00 of 704 bytes failed: Only part of a ReadProcessMemory or WriteProcessMemory request was completed. (0x12B)
[0317/225211.979:ERROR:process_memory_win.cc(73)] ReadMemory at 0x1e218f90fe0 of 4322 bytes failed: Only part of a ReadProcessMemory or WriteProcessMemory request was completed. (0x12B)
[0317/225211.980:ERROR:process_memory_win.cc(73)] ReadMemory at 0x1e218f920d0 of 1012 bytes failed: Only part of a ReadProcessMemory or WriteProcessMemory request was completed. (0x12B)
[0317/225211.980:ERROR:process_memory_win.cc(73)] ReadMemory at 0x1e218f926f8 of 118 bytes failed: Only part of a ReadProcessMemory or WriteProcessMemory request was completed. (0x12B)
[0317/225211.980:ERROR:process_memory_win.cc(73)] ReadMemory at 0x1e218f92770 of 1310 bytes failed: Only part of a ReadProcessMemory or WriteProcessMemory request was completed. (0x12B)
[0317/225211.980:ERROR:process_memory_win.cc(73)] ReadMemory at 0x1e218f92c90 of 118 bytes failed: Only part of a ReadProcessMemory or WriteProcessMemory request was completed. (0x12B)
[0317/225211.980:ERROR:process_memory_win.cc(73)] ReadMemory at 0x1e218f92d08 of 96 bytes failed: Only part of a ReadProcessMemory or WriteProcessMemory request was completed. (0x12B)
[0317/225211.980:ERROR:process_memory_win.cc(73)] ReadMemory at 0x1e218f92d80 of 58 bytes failed: Only part of a ReadProcessMemory or WriteProcessMemory request was completed. (0x12B)
[0317/225211.980:ERROR:process_memory_win.cc(73)] ReadMemory at 0x1e218f92e80 of 132 bytes failed: Only part of a ReadProcessMemory or WriteProcessMemory request was completed. (0x12B)
[0317/225211.980:ERROR:process_memory_win.cc(73)] ReadMemory at 0x1e218f93010 of 132 bytes failed: Only part of a ReadProcessMemory or WriteProcessMemory request was completed. (0x12B)
[0317/225211.980:ERROR:process_memory_win.cc(73)] ReadMemory at 0x1e218f931d0 of 126 bytes failed: Only part of a ReadProcessMemory or WriteProcessMemory request was completed. (0x12B)
[0317/225211.980:ERROR:process_memory_win.cc(73)] ReadMemory at 0x1e218f935b0 of 132 bytes failed: Only part of a ReadProcessMemory or WriteProcessMemory request was completed. (0x12B)
[0317/225211.980:ERROR:process_memory_win.cc(73)] ReadMemory at 0x1e218f93740 of 64 bytes failed: Only part of a ReadProcessMemory or WriteProcessMemory request was completed. (0x12B)
[0317/225211.980:ERROR:process_memory_win.cc(73)] ReadMemory at 0x1e218f93870 of 132 bytes failed: Only part of a ReadProcessMemory or WriteProcessMemory request was completed. (0x12B)
[0317/225211.980:ERROR:process_memory_win.cc(73)] ReadMemory at 0x1e218f93ba0 of 132 bytes failed: Only part of a ReadProcessMemory or WriteProcessMemory request was completed. (0x12B)
[0317/225211.980:ERROR:process_memory_win.cc(73)] ReadMemory at 0x1e218f93d30 of 68 bytes failed: Only part of a ReadProcessMemory or WriteProcessMemory request was completed. (0x12B)
[0317/225211.981:ERROR:process_memory_win.cc(73)] ReadMemory at 0x1e218f94d20 of 132 bytes failed: Only part of a ReadProcessMemory or WriteProcessMemory request was completed. (0x12B)
[0317/225211.981:ERROR:process_memory_win.cc(73)] ReadMemory at 0x1e218f94e90 of 132 bytes failed: Only part of a ReadProcessMemory or WriteProcessMemory request was completed. (0x12B)
[0317/225211.981:ERROR:process_memory_win.cc(73)] ReadMemory at 0x1e218f94fd0 of 154 bytes failed: Only part of a ReadProcessMemory or WriteProcessMemory request was completed. (0x12B)
[0317/225211.981:ERROR:process_memory_win.cc(73)] ReadMemory at 0x1e218f95be0 of 132 bytes failed: Only part of a ReadProcessMemory or WriteProcessMemory request was completed. (0x12B)
[0317/225211.981:ERROR:process_memory_win.cc(73)] ReadMemory at 0x1e218f95d10 of 146 bytes failed: Only part of a ReadProcessMemory or WriteProcessMemory request was completed. (0x12B)
[0317/225211.981:ERROR:process_memory_win.cc(73)] ReadMemory at 0x1e218f95e40 of 60 bytes failed: Only part of a ReadProcessMemory or WriteProcessMemory request was completed. (0x12B)
[0317/225211.981:ERROR:process_memory_win.cc(73)] ReadMemory at 0x1e218f95e90 of 62 bytes failed: Only part of a ReadProcessMemory or WriteProcessMemory request was completed. (0x12B)
[0317/225211.981:ERROR:process_memory_win.cc(73)] ReadMemory at 0x1e218f95ee0 of 132 bytes failed: Only part of a ReadProcessMemory or WriteProcessMemory request was completed. (0x12B)
[0317/225211.981:ERROR:process_memory_win.cc(73)] ReadMemory at 0x1e218f96080 of 132 bytes failed: Only part of a ReadProcessMemory or WriteProcessMemory request was completed. (0x12B)
[0317/225211.981:ERROR:process_memory_win.cc(73)] ReadMemory at 0x1e218f975cc of 512 bytes failed: Only part of a ReadProcessMemory or WriteProcessMemory request was completed. (0x12B)
[0317/225211.981:ERROR:process_memory_win.cc(73)] ReadMemory at 0x1e218f9a0c0 of 132 bytes failed: Only part of a ReadProcessMemory or WriteProcessMemory request was completed. (0x12B)
[0317/225211.982:ERROR:process_memory_win.cc(73)] ReadMemory at 0x1e218f9a2e0 of 60 bytes failed: Only part of a ReadProcessMemory or WriteProcessMemory request was completed. (0x12B)
[0317/225211.982:ERROR:process_memory_win.cc(73)] ReadMemory at 0x1e218f9a330 of 62 bytes failed: Only part of a ReadProcessMemory or WriteProcessMemory request was completed. (0x12B)
[0317/225211.982:ERROR:process_memory_win.cc(73)] ReadMemory at 0x1e218f9a560 of 60 bytes failed: Only part of a ReadProcessMemory or WriteProcessMemory request was completed. (0x12B)
[0317/225211.982:ERROR:process_memory_win.cc(73)] ReadMemory at 0x1e218f9a5b0 of 64 bytes failed: Only part of a ReadProcessMemory or WriteProcessMemory request was completed. (0x12B)
[0317/225211.982:ERROR:process_memory_win.cc(73)] ReadMemory at 0x1e218f9a600 of 62 bytes failed: Only part of a ReadProcessMemory or WriteProcessMemory request was completed. (0x12B)
[0317/225211.982:ERROR:process_memory_win.cc(73)] ReadMemory at 0x1e218f9a6a0 of 64 bytes failed: Only part of a ReadProcessMemory or WriteProcessMemory request was completed. (0x12B)
[0317/225211.982:ERROR:process_memory_win.cc(73)] ReadMemory at 0x1e218f9a6f0 of 64 bytes failed: Only part of a ReadProcessMemory or WriteProcessMemory request was completed. (0x12B)
[0317/225211.982:ERROR:process_memory_win.cc(73)] ReadMemory at 0x1e218f9a830 of 66 bytes failed: Only part of a ReadProcessMemory or WriteProcessMemory request was completed. (0x12B)
[0317/225211.982:ERROR:process_memory_win.cc(73)] ReadMemory at 0x1e218f9a8d0 of 64 bytes failed: Only part of a ReadProcessMemory or WriteProcessMemory request was completed. (0x12B)
[0317/225211.982:ERROR:process_memory_win.cc(73)] ReadMemory at 0x1e218f9b040 of 132 bytes failed: Only part of a ReadProcessMemory or WriteProcessMemory request was completed. (0x12B)
[0317/225211.982:ERROR:process_memory_win.cc(73)] ReadMemory at 0x1e218f9b260 of 132 bytes failed: Only part of a ReadProcessMemory or WriteProcessMemory request was completed. (0x12B)
[0317/225211.982:ERROR:process_memory_win.cc(73)] ReadMemory at 0x1e218f9b490 of 132 bytes failed: Only part of a ReadProcessMemory or WriteProcessMemory request was completed. (0x12B)
[0317/225211.982:ERROR:process_memory_win.cc(73)] ReadMemory at 0x1e218f9b620 of 80 bytes failed: Only part of a ReadProcessMemory or WriteProcessMemory request was completed. (0x12B)
[0317/225211.983:ERROR:process_memory_win.cc(73)] ReadMemory at 0x1e218f9b770 of 132 bytes failed: Only part of a ReadProcessMemory or WriteProcessMemory request was completed. (0x12B)
[0317/225211.983:ERROR:process_memory_win.cc(73)] ReadMemory at 0x1e218f9b8a0 of 132 bytes failed: Only part of a ReadProcessMemory or WriteProcessMemory request was completed. (0x12B)
[0317/225211.983:ERROR:process_memory_win.cc(73)] ReadMemory at 0x1e218f9b9d0 of 132 bytes failed: Only part of a ReadProcessMemory or WriteProcessMemory request was completed. (0x12B)
[0317/225211.983:ERROR:process_memory_win.cc(73)] ReadMemory at 0x1e218f9bb00 of 132 bytes failed: Only part of a ReadProcessMemory or WriteProcessMemory request was completed. (0x12B)
[0317/225211.983:ERROR:process_memory_win.cc(73)] ReadMemory at 0x1e218f9bc30 of 132 bytes failed: Only part of a ReadProcessMemory or WriteProcessMemory request was completed. (0x12B)
[0317/225211.983:ERROR:process_memory_win.cc(73)] ReadMemory at 0x1e218f9bd60 of 132 bytes failed: Only part of a ReadProcessMemory or WriteProcessMemory request was completed. (0x12B)
[0317/225211.983:ERROR:process_memory_win.cc(73)] ReadMemory at 0x1e218f9bfc0 of 132 bytes failed: Only part of a ReadProcessMemory or WriteProcessMemory request was completed. (0x12B)
[0317/225211.983:ERROR:process_memory_win.cc(73)] ReadMemory at 0x1e218f9c0f0 of 132 bytes failed: Only part of a ReadProcessMemory or WriteProcessMemory request was completed. (0x12B)
[0317/225211.983:ERROR:process_memory_win.cc(73)] ReadMemory at 0x1e218f9c220 of 132 bytes failed: Only part of a ReadProcessMemory or WriteProcessMemory request was completed. (0x12B)
[0317/225211.983:ERROR:process_memory_win.cc(73)] ReadMemory at 0x1e218f9c350 of 132 bytes failed: Only part of a ReadProcessMemory or WriteProcessMemory request was completed. (0x12B)
[0317/225211.983:ERROR:process_memory_win.cc(73)] ReadMemory at 0x1e218f9c480 of 132 bytes failed: Only part of a ReadProcessMemory or WriteProcessMemory request was completed. (0x12B)
[0317/225211.983:ERROR:process_memory_win.cc(73)] ReadMemory at 0x1e218f9c5b0 of 132 bytes failed: Only part of a ReadProcessMemory or WriteProcessMemory request was completed. (0x12B)
[0317/225211.984:ERROR:process_memory_win.cc(73)] ReadMemory at 0x1e218f9c8c0 of 62 bytes failed: Only part of a ReadProcessMemory or WriteProcessMemory request was completed. (0x12B)
[0317/225211.984:ERROR:process_memory_win.cc(73)] ReadMemory at 0x1e218f9c910 of 62 bytes failed: Only part of a ReadProcessMemory or WriteProcessMemory request was completed. (0x12B)
[0317/225211.984:ERROR:process_memory_win.cc(73)] ReadMemory at 0x1e218f9c960 of 60 bytes failed: Only part of a ReadProcessMemory or WriteProcessMemory request was completed. (0x12B)
[0317/225211.984:ERROR:process_memory_win.cc(73)] ReadMemory at 0x1e218f9ca00 of 62 bytes failed: Only part of a ReadProcessMemory or WriteProcessMemory request was completed. (0x12B)
[0317/225211.984:ERROR:process_memory_win.cc(73)] ReadMemory at 0x1e218f9ca50 of 60 bytes failed: Only part of a ReadProcessMemory or WriteProcessMemory request was completed. (0x12B)
[0317/225211.984:ERROR:process_memory_win.cc(73)] ReadMemory at 0x1e218f9caa0 of 62 bytes failed: Only part of a ReadProcessMemory or WriteProcessMemory request was completed. (0x12B)
[0317/225211.984:ERROR:process_memory_win.cc(73)] ReadMemory at 0x1e218f9cbe0 of 58 bytes failed: Only part of a ReadProcessMemory or WriteProcessMemory request was completed. (0x12B)
[0317/225211.984:ERROR:process_memory_win.cc(73)] ReadMemory at 0x1e218f9ccd0 of 62 bytes failed: Only part of a ReadProcessMemory or WriteProcessMemory request was completed. (0x12B)
[0317/225211.984:ERROR:process_memory_win.cc(73)] ReadMemory at 0x1e218f9ce60 of 64 bytes failed: Only part of a ReadProcessMemory or WriteProcessMemory request was completed. (0x12B)
[0317/225211.984:ERROR:process_memory_win.cc(73)] ReadMemory at 0x1e218f9ceb0 of 62 bytes failed: Only part of a ReadProcessMemory or WriteProcessMemory request was completed. (0x12B)
[0317/225211.984:ERROR:process_memory_win.cc(73)] ReadMemory at 0x1e218f9cfa0 of 62 bytes failed: Only part of a ReadProcessMemory or WriteProcessMemory request was completed. (0x12B)
[0317/225211.984:ERROR:process_memory_win.cc(73)] ReadMemory at 0x1e218f9cff0 of 66 bytes failed: Only part of a ReadProcessMemory or WriteProcessMemory request was completed. (0x12B)
[0317/225211.984:ERROR:process_memory_win.cc(73)] ReadMemory at 0x1e218f9d090 of 64 bytes failed: Only part of a ReadProcessMemory or WriteProcessMemory request was completed. (0x12B)
[0317/225211.985:ERROR:process_memory_win.cc(73)] ReadMemory at 0x1e218f9d270 of 62 bytes failed: Only part of a ReadProcessMemory or WriteProcessMemory request was completed. (0x12B)
[0317/225211.985:ERROR:process_memory_win.cc(73)] ReadMemory at 0x1e218f9d2c0 of 64 bytes failed: Only part of a ReadProcessMemory or WriteProcessMemory request was completed. (0x12B)
[0317/225211.985:ERROR:process_memory_win.cc(73)] ReadMemory at 0x1e218f9d310 of 64 bytes failed: Only part of a ReadProcessMemory or WriteProcessMemory request was completed. (0x12B)
[0317/225211.985:ERROR:process_memory_win.cc(73)] ReadMemory at 0x1e218f9d450 of 60 bytes failed: Only part of a ReadProcessMemory or WriteProcessMemory request was completed. (0x12B)
[0317/225211.985:ERROR:process_memory_win.cc(73)] ReadMemory at 0x1e218f9d540 of 68 bytes failed: Only part of a ReadProcessMemory or WriteProcessMemory request was completed. (0x12B)
[0317/225211.985:ERROR:process_memory_win.cc(73)] ReadMemory at 0x1e218f9d590 of 60 bytes failed: Only part of a ReadProcessMemory or WriteProcessMemory request was completed. (0x12B)
[0317/225211.985:ERROR:process_memory_win.cc(73)] ReadMemory at 0x1e218f9e110 of 132 bytes failed: Only part of a ReadProcessMemory or WriteProcessMemory request was completed. (0x12B)
[0317/225211.985:ERROR:process_memory_win.cc(73)] ReadMemory at 0x1e218f9f900 of 54 bytes failed: Only part of a ReadProcessMemory or WriteProcessMemory request was completed. (0x12B)
[0317/225211.985:ERROR:process_memory_win.cc(73)] ReadMemory at 0x1e218fa4810 of 132 bytes failed: Only part of a ReadProcessMemory or WriteProcessMemory request was completed. (0x12B)
[0317/225211.985:ERROR:process_memory_win.cc(73)] ReadMemory at 0x1e218fa4a20 of 132 bytes failed: Only part of a ReadProcessMemory or WriteProcessMemory request was completed. (0x12B)
[0317/225211.985:ERROR:process_memory_win.cc(73)] ReadMemory at 0x1e218fa5f00 of 78 bytes failed: Only part of a ReadProcessMemory or WriteProcessMemory request was completed. (0x12B)
[0317/225211.985:ERROR:process_memory_win.cc(73)] ReadMemory at 0x1e218fa6860 of 76 bytes failed: Only part of a ReadProcessMemory or WriteProcessMemory request was completed. (0x12B)
[0317/225211.986:ERROR:process_memory_win.cc(73)] ReadMemory at 0x1e218fa6d40 of 80 bytes failed: Only part of a ReadProcessMemory or WriteProcessMemory request was completed. (0x12B)
[0317/225211.986:ERROR:process_memory_win.cc(73)] ReadMemory at 0x1e218fa6eb0 of 132 bytes failed: Only part of a ReadProcessMemory or WriteProcessMemory request was completed. (0x12B)
[0317/225211.986:ERROR:process_memory_win.cc(73)] ReadMemory at 0x1e218fa6fe0 of 132 bytes failed: Only part of a ReadProcessMemory or WriteProcessMemory request was completed. (0x12B)
[0317/225211.986:ERROR:process_memory_win.cc(73)] ReadMemory at 0x1e218fa7370 of 132 bytes failed: Only part of a ReadProcessMemory or WriteProcessMemory request was completed. (0x12B)
[0317/225211.986:ERROR:process_memory_win.cc(73)] ReadMemory at 0x1e218fa74a0 of 132 bytes failed: Only part of a ReadProcessMemory or WriteProcessMemory request was completed. (0x12B)
[0317/225211.986:ERROR:process_memory_win.cc(73)] ReadMemory at 0x1e218fa75d0 of 132 bytes failed: Only part of a ReadProcessMemory or WriteProcessMemory request was completed. (0x12B)
[0317/225211.986:ERROR:process_memory_win.cc(73)] ReadMemory at 0x1e218fa7700 of 132 bytes failed: Only part of a ReadProcessMemory or WriteProcessMemory request was completed. (0x12B)
[0317/225211.986:ERROR:process_memory_win.cc(73)] ReadMemory at 0x1e218fa7830 of 132 bytes failed: Only part of a ReadProcessMemory or WriteProcessMemory request was completed. (0x12B)
[0317/225211.986:ERROR:process_memory_win.cc(73)] ReadMemory at 0x1e218fa7960 of 132 bytes failed: Only part of a ReadProcessMemory or WriteProcessMemory request was completed. (0x12B)
[0317/225211.986:ERROR:process_memory_win.cc(73)] ReadMemory at 0x1e218fa7a90 of 132 bytes failed: Only part of a ReadProcessMemory or WriteProcessMemory request was completed. (0x12B)
[0317/225211.986:ERROR:process_memory_win.cc(73)] ReadMemory at 0x1e218fa7cf0 of 132 bytes failed: Only part of a ReadProcessMemory or WriteProcessMemory request was completed. (0x12B)
[0317/225211.987:ERROR:process_memory_win.cc(73)] ReadMemory at 0x1e218fa7f50 of 132 bytes failed: Only part of a ReadProcessMemory or WriteProcessMemory request was completed. (0x12B)
[0317/225211.987:ERROR:process_memory_win.cc(73)] ReadMemory at 0x1e218fa8080 of 132 bytes failed: Only part of a ReadProcessMemory or WriteProcessMemory request was completed. (0x12B)
[0317/225211.987:ERROR:process_memory_win.cc(73)] ReadMemory at 0x1e218fa81b0 of 132 bytes failed: Only part of a ReadProcessMemory or WriteProcessMemory request was completed. (0x12B)
[0317/225211.987:ERROR:process_memory_win.cc(73)] ReadMemory at 0x1e218fa82e0 of 132 bytes failed: Only part of a ReadProcessMemory or WriteProcessMemory request was completed. (0x12B)
[0317/225211.987:ERROR:process_memory_win.cc(73)] ReadMemory at 0x1e218fa8410 of 132 bytes failed: Only part of a ReadProcessMemory or WriteProcessMemory request was completed. (0x12B)
[0317/225211.987:ERROR:process_memory_win.cc(73)] ReadMemory at 0x1e218fa8540 of 132 bytes failed: Only part of a ReadProcessMemory or WriteProcessMemory request was completed. (0x12B)
[0317/225211.987:ERROR:process_memory_win.cc(73)] ReadMemory at 0x1e218fa87a0 of 132 bytes failed: Only part of a ReadProcessMemory or WriteProcessMemory request was completed. (0x12B)
[0317/225211.987:ERROR:process_memory_win.cc(73)] ReadMemory at 0x1e218fa88d0 of 132 bytes failed: Only part of a ReadProcessMemory or WriteProcessMemory request was completed. (0x12B)
[0317/225211.987:ERROR:process_memory_win.cc(73)] ReadMemory at 0x1e218fa8a00 of 132 bytes failed: Only part of a ReadProcessMemory or WriteProcessMemory request was completed. (0x12B)
[0317/225211.987:ERROR:process_memory_win.cc(73)] ReadMemory at 0x1e218fa8b30 of 132 bytes failed: Only part of a ReadProcessMemory or WriteProcessMemory request was completed. (0x12B)
[0317/225211.987:ERROR:process_memory_win.cc(73)] ReadMemory at 0x1e218fa8c60 of 132 bytes failed: Only part of a ReadProcessMemory or WriteProcessMemory request was completed. (0x12B)
[0317/225211.987:ERROR:process_memory_win.cc(73)] ReadMemory at 0x1e218fb2cc0 of 62 bytes failed: Only part of a ReadProcessMemory or WriteProcessMemory request was completed. (0x12B)
[0317/225211.988:ERROR:process_memory_win.cc(73)] ReadMemory at 0x1e218fb2f40 of 58 bytes failed: Only part of a ReadProcessMemory or WriteProcessMemory request was completed. (0x12B)
[0317/225211.988:ERROR:process_memory_win.cc(73)] ReadMemory at 0x1e218fb2f90 of 66 bytes failed: Only part of a ReadProcessMemory or WriteProcessMemory request was completed. (0x12B)
[0317/225211.988:ERROR:process_memory_win.cc(73)] ReadMemory at 0x1e218fb3120 of 64 bytes failed: Only part of a ReadProcessMemory or WriteProcessMemory request was completed. (0x12B)
[0317/225211.988:ERROR:process_memory_win.cc(73)] ReadMemory at 0x1e218fb31c0 of 60 bytes failed: Only part of a ReadProcessMemory or WriteProcessMemory request was completed. (0x12B)
[0317/225211.988:ERROR:process_memory_win.cc(73)] ReadMemory at 0x1e218fb3760 of 62 bytes failed: Only part of a ReadProcessMemory or WriteProcessMemory request was completed. (0x12B)
[0317/225211.988:ERROR:process_memory_win.cc(73)] ReadMemory at 0x1e218fb3990 of 62 bytes failed: Only part of a ReadProcessMemory or WriteProcessMemory request was completed. (0x12B)
[0317/225211.988:ERROR:process_memory_win.cc(73)] ReadMemory at 0x1e218fb3a80 of 60 bytes failed: Only part of a ReadProcessMemory or WriteProcessMemory request was completed. (0x12B)
[0317/225211.988:ERROR:process_memory_win.cc(73)] ReadMemory at 0x1e218fb3bc0 of 58 bytes failed: Only part of a ReadProcessMemory or WriteProcessMemory request was completed. (0x12B)
[0317/225211.988:ERROR:process_memory_win.cc(73)] ReadMemory at 0x1e218fc1770 of 512 bytes failed: Only part of a ReadProcessMemory or WriteProcessMemory request was completed. (0x12B)
[0317/225211.988:ERROR:process_memory_win.cc(73)] ReadMemory at 0x1e218fc91a0 of 512 bytes failed: Only part of a ReadProcessMemory or WriteProcessMemory request was completed. (0x12B)
[0317/225211.988:ERROR:process_memory_win.cc(73)] ReadMemory at 0x1e219185a81 of 815 bytes failed: Only part of a ReadProcessMemory or WriteProcessMemory request was completed. (0x12B)
[0317/225211.988:ERROR:process_memory_win.cc(73)] ReadMemory at 0x1e219191f18 of 512 bytes failed: Only part of a ReadProcessMemory or WriteProcessMemory request was completed. (0x12B)
[0317/225211.989:ERROR:process_memory_win.cc(73)] ReadMemory at 0x1e2191936c0 of 552 bytes failed: Only part of a ReadProcessMemory or WriteProcessMemory request was completed. (0x12B)
[0317/225211.989:ERROR:process_memory_win.cc(73)] ReadMemory at 0x1e2191969f0 of 512 bytes failed: Only part of a ReadProcessMemory or WriteProcessMemory request was completed. (0x12B)
[0317/225211.989:ERROR:process_memory_win.cc(73)] ReadMemory at 0x1e219197680 of 512 bytes failed: Only part of a ReadProcessMemory or WriteProcessMemory request was completed. (0x12B)
[0317/225211.989:ERROR:process_memory_win.cc(73)] ReadMemory at 0x1e2191a22d0 of 712 bytes failed: Only part of a ReadProcessMemory or WriteProcessMemory request was completed. (0x12B)
[0317/225211.989:ERROR:process_memory_win.cc(73)] ReadMemory at 0x1e2191ad3a0 of 512 bytes failed: Only part of a ReadProcessMemory or WriteProcessMemory request was completed. (0x12B)
[0317/225211.989:ERROR:process_memory_win.cc(73)] ReadMemory at 0x1e2191ad5e0 of 512 bytes failed: Only part of a ReadProcessMemory or WriteProcessMemory request was completed. (0x12B)
[0317/225211.989:ERROR:process_memory_win.cc(73)] ReadMemory at 0x1e219252d98 of 512 bytes failed: Only part of a ReadProcessMemory or WriteProcessMemory request was completed. (0x12B)
[0317/225211.989:ERROR:process_memory_win.cc(73)] ReadMemory at 0x1e219254778 of 656 bytes failed: Only part of a ReadProcessMemory or WriteProcessMemory request was completed. (0x12B)
[0317/225211.989:ERROR:process_memory_win.cc(73)] ReadMemory at 0x1e21b32c090 of 512 bytes failed: Only part of a ReadProcessMemory or WriteProcessMemory request was completed. (0x12B)
[0317/225211.989:ERROR:process_memory_win.cc(73)] ReadMemory at 0x1e21b33fa50 of 512 bytes failed: Only part of a ReadProcessMemory or WriteProcessMemory request was completed. (0x12B)
[0317/225211.989:ERROR:process_memory_win.cc(73)] ReadMemory at 0x1e21b357770 of 512 bytes failed: Only part of a ReadProcessMemory or WriteProcessMemory request was completed. (0x12B)
[0317/225211.989:ERROR:process_memory_win.cc(73)] ReadMemory at 0x1e21b425e50 of 512 bytes failed: Only part of a ReadProcessMemory or WriteProcessMemory request was completed. (0x12B)
[0317/225211.990:ERROR:process_memory_win.cc(73)] ReadMemory at 0x1e21b430ea0 of 512 bytes failed: Only part of a ReadProcessMemory or WriteProcessMemory request was completed. (0x12B)
[0317/225211.990:ERROR:process_memory_win.cc(73)] ReadMemory at 0x1e21b464af0 of 536 bytes failed: Only part of a ReadProcessMemory or WriteProcessMemory request was completed. (0x12B)
[0317/225211.990:ERROR:process_memory_win.cc(73)] ReadMemory at 0x1e21b4e4220 of 512 bytes failed: Only part of a ReadProcessMemory or WriteProcessMemory request was completed. (0x12B)
[0317/225211.990:ERROR:process_memory_win.cc(73)] ReadMemory at 0x1e21b4e7d60 of 512 bytes failed: Only part of a ReadProcessMemory or WriteProcessMemory request was completed. (0x12B)
[0317/225211.990:ERROR:process_memory_win.cc(73)] ReadMemory at 0x1e21b4e9bc8 of 512 bytes failed: Only part of a ReadProcessMemory or WriteProcessMemory request was completed. (0x12B)
[0317/225211.990:ERROR:process_memory_win.cc(73)] ReadMemory at 0x7ffca8e68958 of 512 bytes failed: Only part of a ReadProcessMemory or WriteProcessMemory request was completed. (0x12B)
[0317/225211.990:ERROR:process_memory_win.cc(73)] ReadMemory at 0x7ffcab3a01e0 of 652 bytes failed: Only part of a ReadProcessMemory or WriteProcessMemory request was completed. (0x12B)
[0317/225211.990:ERROR:process_memory_win.cc(73)] ReadMemory at 0x7ffcaf060303 of 512 bytes failed: Only part of a ReadProcessMemory or WriteProcessMemory request was completed. (0x12B)
[0317/225211.990:ERROR:process_memory_win.cc(73)] ReadMemory at 0x7ffcaf11c790 of 512 bytes failed: Only part of a ReadProcessMemory or WriteProcessMemory request was completed. (0x12B)
[0317/225211.990:ERROR:process_memory_win.cc(73)] ReadMemory at 0x7ffcaf3ce1fd of 512 bytes failed: Only part of a ReadProcessMemory or WriteProcessMemory request was completed. (0x12B)
[0317/225211.990:ERROR:process_memory_win.cc(73)] ReadMemory at 0x7ffcf02790f9 of 512 bytes failed: Only part of a ReadProcessMemory or WriteProcessMemory request was completed. (0x12B)
[0317/225211.990:ERROR:process_memory_win.cc(73)] ReadMemory at 0x7ffcf357d205 of 512 bytes failed: Only part of a ReadProcessMemory or WriteProcessMemory request was completed. (0x12B)
[0317/225211.990:ERROR:process_memory_win.cc(73)] ReadMemory at 0x7ffcf357ff00 of 512 bytes failed: Only part of a ReadProcessMemory or WriteProcessMemory request was completed. (0x12B)
[0317/225211.991:ERROR:process_memory_win.cc(73)] ReadMemory at 0x7ffcf359a1c0 of 512 bytes failed: Only part of a ReadProcessMemory or WriteProcessMemory request was completed. (0x12B)
[0317/225211.991:ERROR:process_memory_win.cc(73)] ReadMemory at 0x7ffcf35cf754 of 672 bytes failed: Only part of a ReadProcessMemory or WriteProcessMemory request was completed. (0x12B)
[0317/225211.991:ERROR:process_memory_win.cc(73)] ReadMemory at 0x7ffcf35cfd54 of 512 bytes failed: Only part of a ReadProcessMemory or WriteProcessMemory request was completed. (0x12B)
[0317/225211.991:ERROR:process_memory_win.cc(73)] ReadMemory at 0x7ffcf35d04a4 of 512 bytes failed: Only part of a ReadProcessMemory or WriteProcessMemory request was completed. (0x12B)
[0317/225211.991:ERROR:process_memory_win.cc(73)] ReadMemory at 0x7ffcf35d2fe4 of 608 bytes failed: Only part of a ReadProcessMemory or WriteProcessMemory request was completed. (0x12B)
[0317/225211.991:ERROR:process_memory_win.cc(73)] ReadMemory at 0x7ffcf365c0c8 of 18 bytes failed: Only part of a ReadProcessMemory or WriteProcessMemory request was completed. (0x12B)
[0317/225211.991:ERROR:process_memory_win.cc(73)] ReadMemory at 0x7ffcf368f4f8 of 40 bytes failed: Only part of a ReadProcessMemory or WriteProcessMemory request was completed. (0x12B)
[0317/225211.991:ERROR:process_memory_win.cc(73)] ReadMemory at 0x7ffcf368f978 of 48 bytes failed: Only part of a ReadProcessMemory or WriteProcessMemory request was completed. (0x12B)
[0317/225211.991:ERROR:process_memory_win.cc(73)] ReadMemory at 0x7ffcf36953c0 of 64 bytes failed: Only part of a ReadProcessMemory or WriteProcessMemory request was completed. (0x12B)
[0317/225211.993:ERROR:file_io_win.cc(161)] CreateFile C:\Users\William\AppData\Local\Temp\scoped_dir55596_1626503352\Crashpad\settings.dat: The system cannot find the file specified. (0x2)
[0317/225211.992:ERROR:scoped_process_suspend.cc(40)] NtResumeProcess: An attempt was made to access an exiting process. (0xc000010a)
